[ 2017-11-06T10:29:37+08:00 ] ::1 /jdDoctertest1/index.php/Admin/Test/test2
INFO: [ app_init ] --START--
INFO: Run Behavior\BuildLiteBehavior [ RunTime:0.000000s ]
INFO: [ app_init ] --END-- [ RunTime:0.003001s ]
INFO: [ app_begin ] --START--
INFO: Run Behavior\ReadHtmlCacheBehavior [ RunTime:0.003000s ]
INFO: [ app_begin ] --END-- [ RunTime:0.005000s ]
SQL: SHOW COLUMNS FROM `t_order` [ RunTime:0.0310s ]
SQL: SELECT `origin` FROM `t_order` WHERE `order_id` = 3 LIMIT 1   [ RunTime:0.0020s ]
SQL: SHOW COLUMNS FROM `t_order_goods` [ RunTime:0.0090s ]
SQL: SELECT `goods_id` FROM `t_order_goods` WHERE `order_id` = 3 LIMIT 1   [ RunTime:0.0010s ]
SQL: SHOW COLUMNS FROM `t_goods` [ RunTime:0.0150s ]
SQL: SELECT g.* FROM t_goods g INNER JOIN t_goods_parts gp on gp.goods_id=g.goods_id  WHERE gp.parent_id = '3' ORDER BY gp.sort asc  [ RunTime:0.0140s ]
NOTIC: [8] Use of undefined constant is_post - assumed 'is_post' D:\phpdemo\jdDoctertest1\Application\Admin\Controller\TestController.class.php 第 55 行.
INFO: [ app_end ] --START--
INFO: Run Behavior\ShowPageTraceBehavior [ RunTime:0.004000s ]
INFO: [ app_end ] --END-- [ RunTime:0.006001s ]

[ 2017-11-06T10:29:44+08:00 ] ::1 /jdDoctertest1/index.php/Admin/Test/test
INFO: [ app_init ] --START--
INFO: Run Behavior\BuildLiteBehavior [ RunTime:0.000000s ]
INFO: [ app_init ] --END-- [ RunTime:0.002000s ]
INFO: [ app_begin ] --START--
INFO: Run Behavior\ReadHtmlCacheBehavior [ RunTime:0.003000s ]
INFO: [ app_begin ] --END-- [ RunTime:0.004000s ]
SQL: SHOW COLUMNS FROM `t_order` [ RunTime:0.0110s ]
SQL: SELECT `origin` FROM `t_order` WHERE `order_id` = 3 LIMIT 1   [ RunTime:0.0020s ]
SQL: SHOW COLUMNS FROM `t_order_goods` [ RunTime:0.0070s ]
SQL: SELECT `goods_id` FROM `t_order_goods` WHERE `order_id` = 3 LIMIT 1   [ RunTime:0.0020s ]
SQL: SHOW COLUMNS FROM `t_goods` [ RunTime:0.0080s ]
SQL: SELECT g.* FROM t_goods g INNER JOIN t_goods_parts gp on gp.goods_id=g.goods_id  WHERE gp.parent_id = '3' ORDER BY gp.sort asc  [ RunTime:0.0080s ]
INFO: [ view_parse ] --START--
INFO: [ template_filter ] --START--
INFO: Run Behavior\ContentReplaceBehavior [ RunTime:0.002000s ]
INFO: [ template_filter ] --END-- [ RunTime:0.003000s ]
NOTIC: [8] Use of undefined constant 高空费 - assumed '高空费' D:\phpdemo\jdDoctertest1\Application\Runtime\Cache\Admin\a116c4cae6dc3c086c943fe8f5bdd110.php 第 52 行.
NOTIC: [8] Use of undefined constant 高空费 - assumed '高空费' D:\phpdemo\jdDoctertest1\Application\Runtime\Cache\Admin\a116c4cae6dc3c086c943fe8f5bdd110.php 第 52 行.
NOTIC: [8] Use of undefined constant 高空费 - assumed '高空费' D:\phpdemo\jdDoctertest1\Application\Runtime\Cache\Admin\a116c4cae6dc3c086c943fe8f5bdd110.php 第 52 行.
NOTIC: [8] Use of undefined constant 高空费 - assumed '高空费' D:\phpdemo\jdDoctertest1\Application\Runtime\Cache\Admin\a116c4cae6dc3c086c943fe8f5bdd110.php 第 52 行.
NOTIC: [8] Use of undefined constant 高空费 - assumed '高空费' D:\phpdemo\jdDoctertest1\Application\Runtime\Cache\Admin\a116c4cae6dc3c086c943fe8f5bdd110.php 第 52 行.
NOTIC: [8] Use of undefined constant 高空费 - assumed '高空费' D:\phpdemo\jdDoctertest1\Application\Runtime\Cache\Admin\a116c4cae6dc3c086c943fe8f5bdd110.php 第 52 行.
NOTIC: [8] Use of undefined constant 高空费 - assumed '高空费' D:\phpdemo\jdDoctertest1\Application\Runtime\Cache\Admin\a116c4cae6dc3c086c943fe8f5bdd110.php 第 52 行.
NOTIC: [8] Use of undefined constant 高空费 - assumed '高空费' D:\phpdemo\jdDoctertest1\Application\Runtime\Cache\Admin\a116c4cae6dc3c086c943fe8f5bdd110.php 第 52 行.
NOTIC: [8] Use of undefined constant 高空费 - assumed '高空费' D:\phpdemo\jdDoctertest1\Application\Runtime\Cache\Admin\a116c4cae6dc3c086c943fe8f5bdd110.php 第 52 行.
NOTIC: [8] Use of undefined constant 高空费 - assumed '高空费' D:\phpdemo\jdDoctertest1\Application\Runtime\Cache\Admin\a116c4cae6dc3c086c943fe8f5bdd110.php 第 52 行.
NOTIC: [8] Use of undefined constant 高空费 - assumed '高空费' D:\phpdemo\jdDoctertest1\Application\Runtime\Cache\Admin\a116c4cae6dc3c086c943fe8f5bdd110.php 第 52 行.
NOTIC: [8] Use of undefined constant 高空费 - assumed '高空费' D:\phpdemo\jdDoctertest1\Application\Runtime\Cache\Admin\a116c4cae6dc3c086c943fe8f5bdd110.php 第 52 行.
NOTIC: [8] Use of undefined constant 高空费 - assumed '高空费' D:\phpdemo\jdDoctertest1\Application\Runtime\Cache\Admin\a116c4cae6dc3c086c943fe8f5bdd110.php 第 52 行.
NOTIC: [8] Use of undefined constant 高空费 - assumed '高空费' D:\phpdemo\jdDoctertest1\Application\Runtime\Cache\Admin\a116c4cae6dc3c086c943fe8f5bdd110.php 第 52 行.
NOTIC: [8] Use of undefined constant 高空费 - assumed '高空费' D:\phpdemo\jdDoctertest1\Application\Runtime\Cache\Admin\a116c4cae6dc3c086c943fe8f5bdd110.php 第 52 行.
NOTIC: [8] Use of undefined constant 高空费 - assumed '高空费' D:\phpdemo\jdDoctertest1\Application\Runtime\Cache\Admin\a116c4cae6dc3c086c943fe8f5bdd110.php 第 52 行.
NOTIC: [8] Use of undefined constant 高空费 - assumed '高空费' D:\phpdemo\jdDoctertest1\Application\Runtime\Cache\Admin\a116c4cae6dc3c086c943fe8f5bdd110.php 第 52 行.
NOTIC: [8] Use of undefined constant 高空费 - assumed '高空费' D:\phpdemo\jdDoctertest1\Application\Runtime\Cache\Admin\a116c4cae6dc3c086c943fe8f5bdd110.php 第 52 行.
NOTIC: [8] Use of undefined constant 高空费 - assumed '高空费' D:\phpdemo\jdDoctertest1\Application\Runtime\Cache\Admin\a116c4cae6dc3c086c943fe8f5bdd110.php 第 52 行.
NOTIC: [8] Use of undefined constant 高空费 - assumed '高空费' D:\phpdemo\jdDoctertest1\Application\Runtime\Cache\Admin\a116c4cae6dc3c086c943fe8f5bdd110.php 第 52 行.
NOTIC: [8] Use of undefined constant 高空费 - assumed '高空费' D:\phpdemo\jdDoctertest1\Application\Runtime\Cache\Admin\a116c4cae6dc3c086c943fe8f5bdd110.php 第 52 行.
NOTIC: [8] Use of undefined constant 加雪种 - assumed '加雪种' D:\phpdemo\jdDoctertest1\Application\Runtime\Cache\Admin\a116c4cae6dc3c086c943fe8f5bdd110.php 第 94 行.
NOTIC: [8] Use of undefined constant 加雪种 - assumed '加雪种' D:\phpdemo\jdDoctertest1\Application\Runtime\Cache\Admin\a116c4cae6dc3c086c943fe8f5bdd110.php 第 94 行.
NOTIC: [8] Use of undefined constant 加雪种 - assumed '加雪种' D:\phpdemo\jdDoctertest1\Application\Runtime\Cache\Admin\a116c4cae6dc3c086c943fe8f5bdd110.php 第 94 行.
NOTIC: [8] Use of undefined constant 加雪种 - assumed '加雪种' D:\phpdemo\jdDoctertest1\Application\Runtime\Cache\Admin\a116c4cae6dc3c086c943fe8f5bdd110.php 第 94 行.
NOTIC: [8] Use of undefined constant 加雪种 - assumed '加雪种' D:\phpdemo\jdDoctertest1\Application\Runtime\Cache\Admin\a116c4cae6dc3c086c943fe8f5bdd110.php 第 94 行.
NOTIC: [8] Use of undefined constant 加雪种 - assumed '加雪种' D:\phpdemo\jdDoctertest1\Application\Runtime\Cache\Admin\a116c4cae6dc3c086c943fe8f5bdd110.php 第 94 行.
NOTIC: [8] Use of undefined constant 加雪种 - assumed '加雪种' D:\phpdemo\jdDoctertest1\Application\Runtime\Cache\Admin\a116c4cae6dc3c086c943fe8f5bdd110.php 第 94 行.
NOTIC: [8] Use of undefined constant 加雪种 - assumed '加雪种' D:\phpdemo\jdDoctertest1\Application\Runtime\Cache\Admin\a116c4cae6dc3c086c943fe8f5bdd110.php 第 94 行.
NOTIC: [8] Use of undefined constant 加雪种 - assumed '加雪种' D:\phpdemo\jdDoctertest1\Application\Runtime\Cache\Admin\a116c4cae6dc3c086c943fe8f5bdd110.php 第 94 行.
NOTIC: [8] Use of undefined constant 加雪种 - assumed '加雪种' D:\phpdemo\jdDoctertest1\Application\Runtime\Cache\Admin\a116c4cae6dc3c086c943fe8f5bdd110.php 第 94 行.
NOTIC: [8] Use of undefined constant 加雪种 - assumed '加雪种' D:\phpdemo\jdDoctertest1\Application\Runtime\Cache\Admin\a116c4cae6dc3c086c943fe8f5bdd110.php 第 94 行.
NOTIC: [8] Use of undefined constant 加雪种 - assumed '加雪种' D:\phpdemo\jdDoctertest1\Application\Runtime\Cache\Admin\a116c4cae6dc3c086c943fe8f5bdd110.php 第 94 行.
NOTIC: [8] Use of undefined constant 加雪种 - assumed '加雪种' D:\phpdemo\jdDoctertest1\Application\Runtime\Cache\Admin\a116c4cae6dc3c086c943fe8f5bdd110.php 第 94 行.
NOTIC: [8] Use of undefined constant 加雪种 - assumed '加雪种' D:\phpdemo\jdDoctertest1\Application\Runtime\Cache\Admin\a116c4cae6dc3c086c943fe8f5bdd110.php 第 94 行.
NOTIC: [8] Use of undefined constant 加雪种 - assumed '加雪种' D:\phpdemo\jdDoctertest1\Application\Runtime\Cache\Admin\a116c4cae6dc3c086c943fe8f5bdd110.php 第 94 行.
NOTIC: [8] Use of undefined constant 加雪种 - assumed '加雪种' D:\phpdemo\jdDoctertest1\Application\Runtime\Cache\Admin\a116c4cae6dc3c086c943fe8f5bdd110.php 第 94 行.
NOTIC: [8] Use of undefined constant 加雪种 - assumed '加雪种' D:\phpdemo\jdDoctertest1\Application\Runtime\Cache\Admin\a116c4cae6dc3c086c943fe8f5bdd110.php 第 94 行.
NOTIC: [8] Use of undefined constant 加雪种 - assumed '加雪种' D:\phpdemo\jdDoctertest1\Application\Runtime\Cache\Admin\a116c4cae6dc3c086c943fe8f5bdd110.php 第 94 行.
NOTIC: [8] Use of undefined constant 加雪种 - assumed '加雪种' D:\phpdemo\jdDoctertest1\Application\Runtime\Cache\Admin\a116c4cae6dc3c086c943fe8f5bdd110.php 第 94 行.
NOTIC: [8] Use of undefined constant 加雪种 - assumed '加雪种' D:\phpdemo\jdDoctertest1\Application\Runtime\Cache\Admin\a116c4cae6dc3c086c943fe8f5bdd110.php 第 94 行.
NOTIC: [8] Use of undefined constant 加雪种 - assumed '加雪种' D:\phpdemo\jdDoctertest1\Application\Runtime\Cache\Admin\a116c4cae6dc3c086c943fe8f5bdd110.php 第 94 行.
INFO: Run Behavior\ParseTemplateBehavior [ RunTime:0.114006s ]
INFO: [ view_parse ] --END-- [ RunTime:0.115006s ]
INFO: [ view_filter ] --START--
INFO: Run Behavior\WriteHtmlCacheBehavior [ RunTime:0.002001s ]
INFO: [ view_filter ] --END-- [ RunTime:0.004001s ]
INFO: [ app_end ] --START--
INFO: Run Behavior\ShowPageTraceBehavior [ RunTime:0.003000s ]
INFO: [ app_end ] --END-- [ RunTime:0.005000s ]

[ 2017-11-06T10:29:52+08:00 ] ::1 /jdDoctertest1/index.php?s=/Admin/Test/test2
INFO: [ app_init ] --START--
INFO: Run Behavior\BuildLiteBehavior [ RunTime:0.000000s ]
INFO: [ app_init ] --END-- [ RunTime:0.003001s ]
INFO: [ app_begin ] --START--
INFO: Run Behavior\ReadHtmlCacheBehavior [ RunTime:0.002000s ]
INFO: [ app_begin ] --END-- [ RunTime:0.003000s ]
SQL: SHOW COLUMNS FROM `t_order` [ RunTime:0.0110s ]
SQL: SELECT `origin` FROM `t_order` WHERE `order_id` = 3 LIMIT 1   [ RunTime:0.0020s ]
SQL: SHOW COLUMNS FROM `t_order_goods` [ RunTime:0.0070s ]
SQL: SELECT `goods_id` FROM `t_order_goods` WHERE `order_id` = 3 LIMIT 1   [ RunTime:0.0010s ]
SQL: SHOW COLUMNS FROM `t_goods` [ RunTime:0.0080s ]
SQL: SELECT g.* FROM t_goods g INNER JOIN t_goods_parts gp on gp.goods_id=g.goods_id  WHERE gp.parent_id = '3' ORDER BY gp.sort asc  [ RunTime:0.0080s ]
NOTIC: [8] Use of undefined constant is_post - assumed 'is_post' D:\phpdemo\jdDoctertest1\Application\Admin\Controller\TestController.class.php 第 55 行.
INFO: [ app_end ] --START--
INFO: Run Behavior\ShowPageTraceBehavior [ RunTime:0.002000s ]
INFO: [ app_end ] --END-- [ RunTime:0.004000s ]

[ 2017-11-06T10:30:53+08:00 ] ::1 /jdDoctertest1/index.php?s=/Admin/Test/test2
INFO: [ app_init ] --START--
INFO: Run Behavior\BuildLiteBehavior [ RunTime:0.000000s ]
INFO: [ app_init ] --END-- [ RunTime:0.003000s ]
INFO: [ app_begin ] --START--
INFO: Run Behavior\ReadHtmlCacheBehavior [ RunTime:0.002000s ]
INFO: [ app_begin ] --END-- [ RunTime:0.003000s ]
SQL: SHOW COLUMNS FROM `t_order` [ RunTime:0.0110s ]
SQL: SELECT `origin` FROM `t_order` WHERE `order_id` = 3 LIMIT 1   [ RunTime:0.0010s ]
SQL: SHOW COLUMNS FROM `t_order_goods` [ RunTime:0.0080s ]
SQL: SELECT `goods_id` FROM `t_order_goods` WHERE `order_id` = 3 LIMIT 1   [ RunTime:0.0020s ]
SQL: SHOW COLUMNS FROM `t_goods` [ RunTime:0.0080s ]
SQL: SELECT g.* FROM t_goods g INNER JOIN t_goods_parts gp on gp.goods_id=g.goods_id  WHERE gp.parent_id = '3' ORDER BY gp.sort asc  [ RunTime:0.0080s ]
NOTIC: [8] Use of undefined constant is_post - assumed 'is_post' D:\phpdemo\jdDoctertest1\Application\Admin\Controller\TestController.class.php 第 55 行.
INFO: [ app_end ] --START--
INFO: Run Behavior\ShowPageTraceBehavior [ RunTime:0.003000s ]
INFO: [ app_end ] --END-- [ RunTime:0.004000s ]

[ 2017-11-06T10:32:37+08:00 ] ::1 /jdDoctertest1/index.php?s=/Admin/Test/test2
INFO: [ app_init ] --START--
INFO: Run Behavior\BuildLiteBehavior [ RunTime:0.000000s ]
INFO: [ app_init ] --END-- [ RunTime:0.003000s ]
INFO: [ app_begin ] --START--
INFO: Run Behavior\ReadHtmlCacheBehavior [ RunTime:0.003000s ]
INFO: [ app_begin ] --END-- [ RunTime:0.003000s ]
SQL: SHOW COLUMNS FROM `t_order` [ RunTime:0.0120s ]
SQL: SELECT `origin` FROM `t_order` WHERE `order_id` = 3 LIMIT 1   [ RunTime:0.0010s ]
SQL: SHOW COLUMNS FROM `t_order_goods` [ RunTime:0.0090s ]
SQL: SELECT `goods_id` FROM `t_order_goods` WHERE `order_id` = 3 LIMIT 1   [ RunTime:0.0010s ]
SQL: SHOW COLUMNS FROM `t_goods` [ RunTime:0.0090s ]
SQL: SELECT g.* FROM t_goods g INNER JOIN t_goods_parts gp on gp.goods_id=g.goods_id  WHERE gp.parent_id = '3' ORDER BY gp.sort asc  [ RunTime:0.0080s ]
NOTIC: [8] Use of undefined constant is_post - assumed 'is_post' D:\phpdemo\jdDoctertest1\Application\Admin\Controller\TestController.class.php 第 55 行.
INFO: [ app_end ] --START--
INFO: Run Behavior\ShowPageTraceBehavior [ RunTime:0.004000s ]
INFO: [ app_end ] --END-- [ RunTime:0.005000s ]

[ 2017-11-06T10:33:41+08:00 ] ::1 /jdDoctertest1/index.php?s=/Admin/Test/test2
INFO: [ app_init ] --START--
INFO: Run Behavior\BuildLiteBehavior [ RunTime:0.000000s ]
INFO: [ app_init ] --END-- [ RunTime:0.002000s ]
INFO: [ app_begin ] --START--
INFO: Run Behavior\ReadHtmlCacheBehavior [ RunTime:0.002000s ]
INFO: [ app_begin ] --END-- [ RunTime:0.003000s ]
SQL: SHOW COLUMNS FROM `t_order` [ RunTime:0.0110s ]
SQL: SELECT `origin` FROM `t_order` WHERE `order_id` = 3 LIMIT 1   [ RunTime:0.0020s ]
SQL: SHOW COLUMNS FROM `t_order_goods` [ RunTime:0.0090s ]
SQL: SELECT `goods_id` FROM `t_order_goods` WHERE `order_id` = 3 LIMIT 1   [ RunTime:0.0010s ]
SQL: SHOW COLUMNS FROM `t_goods` [ RunTime:0.0090s ]
SQL: SELECT g.* FROM t_goods g INNER JOIN t_goods_parts gp on gp.goods_id=g.goods_id  WHERE gp.parent_id = '3' ORDER BY gp.sort asc  [ RunTime:0.0080s ]
NOTIC: [8] Use of undefined constant is_post - assumed 'is_post' D:\phpdemo\jdDoctertest1\Application\Admin\Controller\TestController.class.php 第 55 行.
INFO: [ app_end ] --START--
INFO: Run Behavior\ShowPageTraceBehavior [ RunTime:0.003000s ]
INFO: [ app_end ] --END-- [ RunTime:0.004001s ]

[ 2017-11-06T10:35:18+08:00 ] ::1 /jdDoctertest1/index.php?s=/Admin/Test/test2
INFO: [ app_init ] --START--
INFO: Run Behavior\BuildLiteBehavior [ RunTime:0.000000s ]
INFO: [ app_init ] --END-- [ RunTime:0.002000s ]
INFO: [ app_begin ] --START--
INFO: Run Behavior\ReadHtmlCacheBehavior [ RunTime:0.003000s ]
INFO: [ app_begin ] --END-- [ RunTime:0.003000s ]
SQL: SHOW COLUMNS FROM `t_order` [ RunTime:0.0110s ]
SQL: SELECT `origin` FROM `t_order` WHERE `order_id` = 3 LIMIT 1   [ RunTime:0.0010s ]
SQL: SHOW COLUMNS FROM `t_order_goods` [ RunTime:0.0080s ]
SQL: SELECT `goods_id` FROM `t_order_goods` WHERE `order_id` = 3 LIMIT 1   [ RunTime:0.0010s ]
SQL: SHOW COLUMNS FROM `t_goods` [ RunTime:0.0090s ]
SQL: SELECT g.* FROM t_goods g INNER JOIN t_goods_parts gp on gp.goods_id=g.goods_id  WHERE gp.parent_id = '3' ORDER BY gp.sort asc  [ RunTime:0.0080s ]
NOTIC: [8] Use of undefined constant is_post - assumed 'is_post' D:\phpdemo\jdDoctertest1\Application\Admin\Controller\TestController.class.php 第 55 行.
INFO: [ app_end ] --START--
INFO: Run Behavior\ShowPageTraceBehavior [ RunTime:0.003000s ]
INFO: [ app_end ] --END-- [ RunTime:0.004000s ]

[ 2017-11-06T10:35:18+08:00 ] ::1 /jdDoctertest1/index.php?s=/Admin/Test/test2
INFO: [ app_init ] --START--
INFO: Run Behavior\BuildLiteBehavior [ RunTime:0.000000s ]
INFO: [ app_init ] --END-- [ RunTime:0.003000s ]
INFO: [ app_begin ] --START--
INFO: Run Behavior\ReadHtmlCacheBehavior [ RunTime:0.002000s ]
INFO: [ app_begin ] --END-- [ RunTime:0.004000s ]
SQL: SHOW COLUMNS FROM `t_order` [ RunTime:0.0100s ]
SQL: SELECT `origin` FROM `t_order` WHERE `order_id` = 3 LIMIT 1   [ RunTime:0.0010s ]
SQL: SHOW COLUMNS FROM `t_order_goods` [ RunTime:0.0080s ]
SQL: SELECT `goods_id` FROM `t_order_goods` WHERE `order_id` = 3 LIMIT 1   [ RunTime:0.0020s ]
SQL: SHOW COLUMNS FROM `t_goods` [ RunTime:0.0080s ]
SQL: SELECT g.* FROM t_goods g INNER JOIN t_goods_parts gp on gp.goods_id=g.goods_id  WHERE gp.parent_id = '3' ORDER BY gp.sort asc  [ RunTime:0.0080s ]
NOTIC: [8] Use of undefined constant is_post - assumed 'is_post' D:\phpdemo\jdDoctertest1\Application\Admin\Controller\TestController.class.php 第 55 行.
INFO: [ app_end ] --START--
INFO: Run Behavior\ShowPageTraceBehavior [ RunTime:0.002000s ]
INFO: [ app_end ] --END-- [ RunTime:0.004000s ]

[ 2017-11-06T10:35:21+08:00 ] ::1 /jdDoctertest1/index.php?s=/Admin/Test/test2
INFO: [ app_init ] --START--
INFO: Run Behavior\BuildLiteBehavior [ RunTime:0.000000s ]
INFO: [ app_init ] --END-- [ RunTime:0.003000s ]
INFO: [ app_begin ] --START--
INFO: Run Behavior\ReadHtmlCacheBehavior [ RunTime:0.002000s ]
INFO: [ app_begin ] --END-- [ RunTime:0.003001s ]
SQL: SHOW COLUMNS FROM `t_order` [ RunTime:0.0110s ]
SQL: SELECT `origin` FROM `t_order` WHERE `order_id` = 3 LIMIT 1   [ RunTime:0.0020s ]
SQL: SHOW COLUMNS FROM `t_order_goods` [ RunTime:0.0080s ]
SQL: SELECT `goods_id` FROM `t_order_goods` WHERE `order_id` = 3 LIMIT 1   [ RunTime:0.0020s ]
SQL: SHOW COLUMNS FROM `t_goods` [ RunTime:0.0090s ]
SQL: SELECT g.* FROM t_goods g INNER JOIN t_goods_parts gp on gp.goods_id=g.goods_id  WHERE gp.parent_id = '3' ORDER BY gp.sort asc  [ RunTime:0.0080s ]
NOTIC: [8] Use of undefined constant is_post - assumed 'is_post' D:\phpdemo\jdDoctertest1\Application\Admin\Controller\TestController.class.php 第 55 行.
INFO: [ app_end ] --START--
INFO: Run Behavior\ShowPageTraceBehavior [ RunTime:0.003001s ]
INFO: [ app_end ] --END-- [ RunTime:0.004001s ]

[ 2017-11-06T10:35:46+08:00 ] ::1 /jdDoctertest1/index.php/Admin/Test/test
INFO: [ app_init ] --START--
INFO: Run Behavior\BuildLiteBehavior [ RunTime:0.001000s ]
INFO: [ app_init ] --END-- [ RunTime:0.002000s ]
INFO: [ app_begin ] --START--
INFO: Run Behavior\ReadHtmlCacheBehavior [ RunTime:0.002000s ]
INFO: [ app_begin ] --END-- [ RunTime:0.004000s ]
SQL: SHOW COLUMNS FROM `t_order` [ RunTime:0.0120s ]
SQL: SELECT `origin` FROM `t_order` WHERE `order_id` = 3 LIMIT 1   [ RunTime:0.0010s ]
SQL: SHOW COLUMNS FROM `t_order_goods` [ RunTime:0.0090s ]
SQL: SELECT `goods_id` FROM `t_order_goods` WHERE `order_id` = 3 LIMIT 1   [ RunTime:0.0010s ]
SQL: SHOW COLUMNS FROM `t_goods` [ RunTime:0.0100s ]
SQL: SELECT g.* FROM t_goods g INNER JOIN t_goods_parts gp on gp.goods_id=g.goods_id  WHERE gp.parent_id = '3' ORDER BY gp.sort asc  [ RunTime:0.0090s ]
INFO: [ view_parse ] --START--
INFO: [ template_filter ] --START--
INFO: Run Behavior\ContentReplaceBehavior [ RunTime:0.002000s ]
INFO: [ template_filter ] --END-- [ RunTime:0.003000s ]
NOTIC: [8] Use of undefined constant 高空费 - assumed '高空费' D:\phpdemo\jdDoctertest1\Application\Runtime\Cache\Admin\a116c4cae6dc3c086c943fe8f5bdd110.php 第 52 行.
NOTIC: [8] Use of undefined constant 高空费 - assumed '高空费' D:\phpdemo\jdDoctertest1\Application\Runtime\Cache\Admin\a116c4cae6dc3c086c943fe8f5bdd110.php 第 52 行.
NOTIC: [8] Use of undefined constant 高空费 - assumed '高空费' D:\phpdemo\jdDoctertest1\Application\Runtime\Cache\Admin\a116c4cae6dc3c086c943fe8f5bdd110.php 第 52 行.
NOTIC: [8] Use of undefined constant 高空费 - assumed '高空费' D:\phpdemo\jdDoctertest1\Application\Runtime\Cache\Admin\a116c4cae6dc3c086c943fe8f5bdd110.php 第 52 行.
NOTIC: [8] Use of undefined constant 高空费 - assumed '高空费' D:\phpdemo\jdDoctertest1\Application\Runtime\Cache\Admin\a116c4cae6dc3c086c943fe8f5bdd110.php 第 52 行.
NOTIC: [8] Use of undefined constant 高空费 - assumed '高空费' D:\phpdemo\jdDoctertest1\Application\Runtime\Cache\Admin\a116c4cae6dc3c086c943fe8f5bdd110.php 第 52 行.
NOTIC: [8] Use of undefined constant 高空费 - assumed '高空费' D:\phpdemo\jdDoctertest1\Application\Runtime\Cache\Admin\a116c4cae6dc3c086c943fe8f5bdd110.php 第 52 行.
NOTIC: [8] Use of undefined constant 高空费 - assumed '高空费' D:\phpdemo\jdDoctertest1\Application\Runtime\Cache\Admin\a116c4cae6dc3c086c943fe8f5bdd110.php 第 52 行.
NOTIC: [8] Use of undefined constant 高空费 - assumed '高空费' D:\phpdemo\jdDoctertest1\Application\Runtime\Cache\Admin\a116c4cae6dc3c086c943fe8f5bdd110.php 第 52 行.
NOTIC: [8] Use of undefined constant 高空费 - assumed '高空费' D:\phpdemo\jdDoctertest1\Application\Runtime\Cache\Admin\a116c4cae6dc3c086c943fe8f5bdd110.php 第 52 行.
NOTIC: [8] Use of undefined constant 高空费 - assumed '高空费' D:\phpdemo\jdDoctertest1\Application\Runtime\Cache\Admin\a116c4cae6dc3c086c943fe8f5bdd110.php 第 52 行.
NOTIC: [8] Use of undefined constant 高空费 - assumed '高空费' D:\phpdemo\jdDoctertest1\Application\Runtime\Cache\Admin\a116c4cae6dc3c086c943fe8f5bdd110.php 第 52 行.
NOTIC: [8] Use of undefined constant 高空费 - assumed '高空费' D:\phpdemo\jdDoctertest1\Application\Runtime\Cache\Admin\a116c4cae6dc3c086c943fe8f5bdd110.php 第 52 行.
NOTIC: [8] Use of undefined constant 高空费 - assumed '高空费' D:\phpdemo\jdDoctertest1\Application\Runtime\Cache\Admin\a116c4cae6dc3c086c943fe8f5bdd110.php 第 52 行.
NOTIC: [8] Use of undefined constant 高空费 - assumed '高空费' D:\phpdemo\jdDoctertest1\Application\Runtime\Cache\Admin\a116c4cae6dc3c086c943fe8f5bdd110.php 第 52 行.
NOTIC: [8] Use of undefined constant 高空费 - assumed '高空费' D:\phpdemo\jdDoctertest1\Application\Runtime\Cache\Admin\a116c4cae6dc3c086c943fe8f5bdd110.php 第 52 行.
NOTIC: [8] Use of undefined constant 高空费 - assumed '高空费' D:\phpdemo\jdDoctertest1\Application\Runtime\Cache\Admin\a116c4cae6dc3c086c943fe8f5bdd110.php 第 52 行.
NOTIC: [8] Use of undefined constant 高空费 - assumed '高空费' D:\phpdemo\jdDoctertest1\Application\Runtime\Cache\Admin\a116c4cae6dc3c086c943fe8f5bdd110.php 第 52 行.
NOTIC: [8] Use of undefined constant 高空费 - assumed '高空费' D:\phpdemo\jdDoctertest1\Application\Runtime\Cache\Admin\a116c4cae6dc3c086c943fe8f5bdd110.php 第 52 行.
NOTIC: [8] Use of undefined constant 高空费 - assumed '高空费' D:\phpdemo\jdDoctertest1\Application\Runtime\Cache\Admin\a116c4cae6dc3c086c943fe8f5bdd110.php 第 52 行.
NOTIC: [8] Use of undefined constant 高空费 - assumed '高空费' D:\phpdemo\jdDoctertest1\Application\Runtime\Cache\Admin\a116c4cae6dc3c086c943fe8f5bdd110.php 第 52 行.
NOTIC: [8] Use of undefined constant 加雪种 - assumed '加雪种' D:\phpdemo\jdDoctertest1\Application\Runtime\Cache\Admin\a116c4cae6dc3c086c943fe8f5bdd110.php 第 94 行.
NOTIC: [8] Use of undefined constant 加雪种 - assumed '加雪种' D:\phpdemo\jdDoctertest1\Application\Runtime\Cache\Admin\a116c4cae6dc3c086c943fe8f5bdd110.php 第 94 行.
NOTIC: [8] Use of undefined constant 加雪种 - assumed '加雪种' D:\phpdemo\jdDoctertest1\Application\Runtime\Cache\Admin\a116c4cae6dc3c086c943fe8f5bdd110.php 第 94 行.
NOTIC: [8] Use of undefined constant 加雪种 - assumed '加雪种' D:\phpdemo\jdDoctertest1\Application\Runtime\Cache\Admin\a116c4cae6dc3c086c943fe8f5bdd110.php 第 94 行.
NOTIC: [8] Use of undefined constant 加雪种 - assumed '加雪种' D:\phpdemo\jdDoctertest1\Application\Runtime\Cache\Admin\a116c4cae6dc3c086c943fe8f5bdd110.php 第 94 行.
NOTIC: [8] Use of undefined constant 加雪种 - assumed '加雪种' D:\phpdemo\jdDoctertest1\Application\Runtime\Cache\Admin\a116c4cae6dc3c086c943fe8f5bdd110.php 第 94 行.
NOTIC: [8] Use of undefined constant 加雪种 - assumed '加雪种' D:\phpdemo\jdDoctertest1\Application\Runtime\Cache\Admin\a116c4cae6dc3c086c943fe8f5bdd110.php 第 94 行.
NOTIC: [8] Use of undefined constant 加雪种 - assumed '加雪种' D:\phpdemo\jdDoctertest1\Application\Runtime\Cache\Admin\a116c4cae6dc3c086c943fe8f5bdd110.php 第 94 行.
NOTIC: [8] Use of undefined constant 加雪种 - assumed '加雪种' D:\phpdemo\jdDoctertest1\Application\Runtime\Cache\Admin\a116c4cae6dc3c086c943fe8f5bdd110.php 第 94 行.
NOTIC: [8] Use of undefined constant 加雪种 - assumed '加雪种' D:\phpdemo\jdDoctertest1\Application\Runtime\Cache\Admin\a116c4cae6dc3c086c943fe8f5bdd110.php 第 94 行.
NOTIC: [8] Use of undefined constant 加雪种 - assumed '加雪种' D:\phpdemo\jdDoctertest1\Application\Runtime\Cache\Admin\a116c4cae6dc3c086c943fe8f5bdd110.php 第 94 行.
NOTIC: [8] Use of undefined constant 加雪种 - assumed '加雪种' D:\phpdemo\jdDoctertest1\Application\Runtime\Cache\Admin\a116c4cae6dc3c086c943fe8f5bdd110.php 第 94 行.
NOTIC: [8] Use of undefined constant 加雪种 - assumed '加雪种' D:\phpdemo\jdDoctertest1\Application\Runtime\Cache\Admin\a116c4cae6dc3c086c943fe8f5bdd110.php 第 94 行.
NOTIC: [8] Use of undefined constant 加雪种 - assumed '加雪种' D:\phpdemo\jdDoctertest1\Application\Runtime\Cache\Admin\a116c4cae6dc3c086c943fe8f5bdd110.php 第 94 行.
NOTIC: [8] Use of undefined constant 加雪种 - assumed '加雪种' D:\phpdemo\jdDoctertest1\Application\Runtime\Cache\Admin\a116c4cae6dc3c086c943fe8f5bdd110.php 第 94 行.
NOTIC: [8] Use of undefined constant 加雪种 - assumed '加雪种' D:\phpdemo\jdDoctertest1\Application\Runtime\Cache\Admin\a116c4cae6dc3c086c943fe8f5bdd110.php 第 94 行.
NOTIC: [8] Use of undefined constant 加雪种 - assumed '加雪种' D:\phpdemo\jdDoctertest1\Application\Runtime\Cache\Admin\a116c4cae6dc3c086c943fe8f5bdd110.php 第 94 行.
NOTIC: [8] Use of undefined constant 加雪种 - assumed '加雪种' D:\phpdemo\jdDoctertest1\Application\Runtime\Cache\Admin\a116c4cae6dc3c086c943fe8f5bdd110.php 第 94 行.
NOTIC: [8] Use of undefined constant 加雪种 - assumed '加雪种' D:\phpdemo\jdDoctertest1\Application\Runtime\Cache\Admin\a116c4cae6dc3c086c943fe8f5bdd110.php 第 94 行.
NOTIC: [8] Use of undefined constant 加雪种 - assumed '加雪种' D:\phpdemo\jdDoctertest1\Application\Runtime\Cache\Admin\a116c4cae6dc3c086c943fe8f5bdd110.php 第 94 行.
NOTIC: [8] Use of undefined constant 加雪种 - assumed '加雪种' D:\phpdemo\jdDoctertest1\Application\Runtime\Cache\Admin\a116c4cae6dc3c086c943fe8f5bdd110.php 第 94 行.
INFO: Run Behavior\ParseTemplateBehavior [ RunTime:0.118006s ]
INFO: [ view_parse ] --END-- [ RunTime:0.119006s ]
INFO: [ view_filter ] --START--
INFO: Run Behavior\WriteHtmlCacheBehavior [ RunTime:0.002000s ]
INFO: [ view_filter ] --END-- [ RunTime:0.002000s ]
INFO: [ app_end ] --START--
INFO: Run Behavior\ShowPageTraceBehavior [ RunTime:0.003000s ]
INFO: [ app_end ] --END-- [ RunTime:0.004000s ]

[ 2017-11-06T10:35:48+08:00 ] ::1 /jdDoctertest1/index.php?s=/Admin/Test/test2
INFO: [ app_init ] --START--
INFO: Run Behavior\BuildLiteBehavior [ RunTime:0.000000s ]
INFO: [ app_init ] --END-- [ RunTime:0.003001s ]
INFO: [ app_begin ] --START--
INFO: Run Behavior\ReadHtmlCacheBehavior [ RunTime:0.002000s ]
INFO: [ app_begin ] --END-- [ RunTime:0.003000s ]
SQL: SHOW COLUMNS FROM `t_order` [ RunTime:0.0120s ]
SQL: SELECT `origin` FROM `t_order` WHERE `order_id` = 3 LIMIT 1   [ RunTime:0.0010s ]
SQL: SHOW COLUMNS FROM `t_order_goods` [ RunTime:0.0090s ]
SQL: SELECT `goods_id` FROM `t_order_goods` WHERE `order_id` = 3 LIMIT 1   [ RunTime:0.0010s ]
SQL: SHOW COLUMNS FROM `t_goods` [ RunTime:0.0090s ]
SQL: SELECT g.* FROM t_goods g INNER JOIN t_goods_parts gp on gp.goods_id=g.goods_id  WHERE gp.parent_id = '3' ORDER BY gp.sort asc  [ RunTime:0.0080s ]
NOTIC: [8] Use of undefined constant is_post - assumed 'is_post' D:\phpdemo\jdDoctertest1\Application\Admin\Controller\TestController.class.php 第 55 行.
INFO: [ app_end ] --START--
INFO: Run Behavior\ShowPageTraceBehavior [ RunTime:0.003000s ]
INFO: [ app_end ] --END-- [ RunTime:0.003000s ]

[ 2017-11-06T10:36:17+08:00 ] ::1 /jdDoctertest1/index.php?s=/Admin/Test/test2
INFO: [ app_init ] --START--
INFO: Run Behavior\BuildLiteBehavior [ RunTime:0.000000s ]
INFO: [ app_init ] --END-- [ RunTime:0.003000s ]
INFO: [ app_begin ] --START--
INFO: Run Behavior\ReadHtmlCacheBehavior [ RunTime:0.003000s ]
INFO: [ app_begin ] --END-- [ RunTime:0.003000s ]
SQL: SHOW COLUMNS FROM `t_order` [ RunTime:0.0120s ]
SQL: SELECT `origin` FROM `t_order` WHERE `order_id` = 3 LIMIT 1   [ RunTime:0.0010s ]
SQL: SHOW COLUMNS FROM `t_order_goods` [ RunTime:0.0080s ]
SQL: SELECT `goods_id` FROM `t_order_goods` WHERE `order_id` = 3 LIMIT 1   [ RunTime:0.0020s ]
SQL: SHOW COLUMNS FROM `t_goods` [ RunTime:0.0080s ]
SQL: SELECT g.* FROM t_goods g INNER JOIN t_goods_parts gp on gp.goods_id=g.goods_id  WHERE gp.parent_id = '3' ORDER BY gp.sort asc  [ RunTime:0.0080s ]
NOTIC: [8] Use of undefined constant is_post - assumed 'is_post' D:\phpdemo\jdDoctertest1\Application\Admin\Controller\TestController.class.php 第 55 行.
INFO: [ app_end ] --START--
INFO: Run Behavior\ShowPageTraceBehavior [ RunTime:0.002000s ]
INFO: [ app_end ] --END-- [ RunTime:0.004001s ]

[ 2017-11-06T10:36:24+08:00 ] ::1 /jdDoctertest1/index.php?s=/Admin/Test/test2
INFO: [ app_init ] --START--
INFO: Run Behavior\BuildLiteBehavior [ RunTime:0.000000s ]
INFO: [ app_init ] --END-- [ RunTime:0.002000s ]
INFO: [ app_begin ] --START--
INFO: Run Behavior\ReadHtmlCacheBehavior [ RunTime:0.003000s ]
INFO: [ app_begin ] --END-- [ RunTime:0.003000s ]
SQL: SHOW COLUMNS FROM `t_order` [ RunTime:0.0110s ]
SQL: SELECT `origin` FROM `t_order` WHERE `order_id` = 3 LIMIT 1   [ RunTime:0.0010s ]
SQL: SHOW COLUMNS FROM `t_order_goods` [ RunTime:0.0090s ]
SQL: SELECT `goods_id` FROM `t_order_goods` WHERE `order_id` = 3 LIMIT 1   [ RunTime:0.0010s ]
SQL: SHOW COLUMNS FROM `t_goods` [ RunTime:0.0080s ]
SQL: SELECT g.* FROM t_goods g INNER JOIN t_goods_parts gp on gp.goods_id=g.goods_id  WHERE gp.parent_id = '3' ORDER BY gp.sort asc  [ RunTime:0.0090s ]
NOTIC: [8] Use of undefined constant is_post - assumed 'is_post' D:\phpdemo\jdDoctertest1\Application\Admin\Controller\TestController.class.php 第 55 行.
INFO: [ app_end ] --START--
INFO: Run Behavior\ShowPageTraceBehavior [ RunTime:0.003000s ]
INFO: [ app_end ] --END-- [ RunTime:0.004000s ]

[ 2017-11-06T10:41:05+08:00 ] ::1 /jdDoctertest1/index.php?s=/Admin/Test/test2
INFO: [ app_init ] --START--
INFO: Run Behavior\BuildLiteBehavior [ RunTime:0.000000s ]
INFO: [ app_init ] --END-- [ RunTime:0.003000s ]
INFO: [ app_begin ] --START--
INFO: Run Behavior\ReadHtmlCacheBehavior [ RunTime:0.003001s ]
INFO: [ app_begin ] --END-- [ RunTime:0.003001s ]
SQL: SHOW COLUMNS FROM `t_order` [ RunTime:0.0120s ]
SQL: SELECT `origin` FROM `t_order` WHERE `order_id` = 3 LIMIT 1   [ RunTime:0.0010s ]
SQL: SHOW COLUMNS FROM `t_order_goods` [ RunTime:0.0070s ]
SQL: SELECT `goods_id` FROM `t_order_goods` WHERE `order_id` = 3 LIMIT 1   [ RunTime:0.0020s ]
SQL: SHOW COLUMNS FROM `t_goods` [ RunTime:0.0090s ]
SQL: SELECT g.* FROM t_goods g INNER JOIN t_goods_parts gp on gp.goods_id=g.goods_id  WHERE gp.parent_id = '3' ORDER BY gp.sort asc  [ RunTime:0.0090s ]
NOTIC: [8] Use of undefined constant is_post - assumed 'is_post' D:\phpdemo\jdDoctertest1\Application\Admin\Controller\TestController.class.php 第 55 行.
INFO: [ app_end ] --START--
INFO: Run Behavior\ShowPageTraceBehavior [ RunTime:0.003000s ]
INFO: [ app_end ] --END-- [ RunTime:0.005000s ]

[ 2017-11-06T10:42:09+08:00 ] ::1 /jdDoctertest1/index.php?s=/Admin/Test/test2
INFO: [ app_init ] --START--
INFO: Run Behavior\BuildLiteBehavior [ RunTime:0.000000s ]
INFO: [ app_init ] --END-- [ RunTime:0.003001s ]
INFO: [ app_begin ] --START--
INFO: Run Behavior\ReadHtmlCacheBehavior [ RunTime:0.002000s ]
INFO: [ app_begin ] --END-- [ RunTime:0.004000s ]
SQL: SHOW COLUMNS FROM `t_order` [ RunTime:0.0100s ]
SQL: SELECT `origin` FROM `t_order` WHERE `order_id` = 3 LIMIT 1   [ RunTime:0.0010s ]
SQL: SHOW COLUMNS FROM `t_order_goods` [ RunTime:0.0090s ]
SQL: SELECT `goods_id` FROM `t_order_goods` WHERE `order_id` = 3 LIMIT 1   [ RunTime:0.0010s ]
SQL: SHOW COLUMNS FROM `t_goods` [ RunTime:0.0080s ]
SQL: SELECT g.* FROM t_goods g INNER JOIN t_goods_parts gp on gp.goods_id=g.goods_id  WHERE gp.parent_id = '3' ORDER BY gp.sort asc  [ RunTime:0.0080s ]
NOTIC: [8] Use of undefined constant is_post - assumed 'is_post' D:\phpdemo\jdDoctertest1\Application\Admin\Controller\TestController.class.php 第 55 行.
INFO: [ app_end ] --START--
INFO: Run Behavior\ShowPageTraceBehavior [ RunTime:0.003000s ]
INFO: [ app_end ] --END-- [ RunTime:0.004000s ]

[ 2017-11-06T10:44:50+08:00 ] ::1 /jdDoctertest1/index.php?s=/Admin/Test/test2
INFO: [ app_init ] --START--
INFO: Run Behavior\BuildLiteBehavior [ RunTime:0.000000s ]
INFO: [ app_init ] --END-- [ RunTime:0.003001s ]
INFO: [ app_begin ] --START--
INFO: Run Behavior\ReadHtmlCacheBehavior [ RunTime:0.003000s ]
INFO: [ app_begin ] --END-- [ RunTime:0.004001s ]
SQL: SHOW COLUMNS FROM `t_order` [ RunTime:0.0140s ]
SQL: SELECT `origin` FROM `t_order` WHERE `order_id` = 3 LIMIT 1   [ RunTime:0.0010s ]
SQL: SHOW COLUMNS FROM `t_order_goods` [ RunTime:0.0100s ]
SQL: SELECT `goods_id` FROM `t_order_goods` WHERE `order_id` = 3 LIMIT 1   [ RunTime:0.0010s ]
SQL: SHOW COLUMNS FROM `t_goods` [ RunTime:0.0100s ]
SQL: SELECT g.* FROM t_goods g INNER JOIN t_goods_parts gp on gp.goods_id=g.goods_id  WHERE gp.parent_id = '3' ORDER BY gp.sort asc  [ RunTime:0.0100s ]
NOTIC: [8] Use of undefined constant is_post - assumed 'is_post' D:\phpdemo\jdDoctertest1\Application\Admin\Controller\TestController.class.php 第 55 行.
INFO: [ app_end ] --START--
INFO: Run Behavior\ShowPageTraceBehavior [ RunTime:0.003001s ]
INFO: [ app_end ] --END-- [ RunTime:0.005001s ]

[ 2017-11-06T10:54:01+08:00 ] ::1 /jdDoctertest1/index.php?s=/Admin/Test/test2
INFO: [ app_init ] --START--
INFO: Run Behavior\BuildLiteBehavior [ RunTime:0.000000s ]
INFO: [ app_init ] --END-- [ RunTime:0.001000s ]
INFO: [ app_begin ] --START--
INFO: Run Behavior\ReadHtmlCacheBehavior [ RunTime:0.001000s ]
INFO: [ app_begin ] --END-- [ RunTime:0.002000s ]
SQL: SHOW COLUMNS FROM `t_order` [ RunTime:0.0020s ]
SQL: SELECT `origin` FROM `t_order` WHERE `order_id` = 3 LIMIT 1   [ RunTime:0.0010s ]
SQL: SHOW COLUMNS FROM `t_order_goods` [ RunTime:0.0020s ]
SQL: SELECT `goods_id` FROM `t_order_goods` WHERE `order_id` = 3 LIMIT 1   [ RunTime:0.0010s ]
SQL: SHOW COLUMNS FROM `t_goods` [ RunTime:0.0020s ]
SQL: SELECT g.* FROM t_goods g INNER JOIN t_goods_parts gp on gp.goods_id=g.goods_id  WHERE gp.parent_id = '3' ORDER BY gp.sort asc  [ RunTime:0.0020s ]
NOTIC: [8] Use of undefined constant is_post - assumed 'is_post' D:\phpdemo\jdDoctertest1\Application\Admin\Controller\TestController.class.php 第 55 行.
INFO: [ app_end ] --START--
INFO: Run Behavior\ShowPageTraceBehavior [ RunTime:0.001000s ]
INFO: [ app_end ] --END-- [ RunTime:0.001000s ]

[ 2017-11-06T11:59:46+08:00 ] ::1 /jdDoctertest1/index.php/Admin/Test/test
INFO: [ app_init ] --START--
INFO: Run Behavior\BuildLiteBehavior [ RunTime:0.000000s ]
INFO: [ app_init ] --END-- [ RunTime:0.001000s ]
INFO: [ app_begin ] --START--
INFO: Run Behavior\ReadHtmlCacheBehavior [ RunTime:0.002000s ]
INFO: [ app_begin ] --END-- [ RunTime:0.002000s ]
SQL: SHOW COLUMNS FROM `t_order` [ RunTime:0.0030s ]
SQL: SELECT `origin` FROM `t_order` WHERE `order_id` = 3 LIMIT 1   [ RunTime:0.0010s ]
SQL: SHOW COLUMNS FROM `t_order_goods` [ RunTime:0.0020s ]
SQL: SELECT `goods_id` FROM `t_order_goods` WHERE `order_id` = 3 LIMIT 1   [ RunTime:0.0000s ]
SQL: SHOW COLUMNS FROM `t_goods` [ RunTime:0.0020s ]
SQL: SELECT g.* FROM t_goods g INNER JOIN t_goods_parts gp on gp.goods_id=g.goods_id  WHERE gp.parent_id = '3' ORDER BY gp.sort asc  [ RunTime:0.0020s ]
INFO: [ view_parse ] --START--
INFO: [ template_filter ] --START--
INFO: Run Behavior\ContentReplaceBehavior [ RunTime:0.001000s ]
INFO: [ template_filter ] --END-- [ RunTime:0.001000s ]
NOTIC: [8] Use of undefined constant 高空费 - assumed '高空费' D:\phpdemo\jdDoctertest1\Application\Runtime\Cache\Admin\a116c4cae6dc3c086c943fe8f5bdd110.php 第 52 行.
NOTIC: [8] Use of undefined constant 高空费 - assumed '高空费' D:\phpdemo\jdDoctertest1\Application\Runtime\Cache\Admin\a116c4cae6dc3c086c943fe8f5bdd110.php 第 52 行.
NOTIC: [8] Use of undefined constant 高空费 - assumed '高空费' D:\phpdemo\jdDoctertest1\Application\Runtime\Cache\Admin\a116c4cae6dc3c086c943fe8f5bdd110.php 第 52 行.
NOTIC: [8] Use of undefined constant 高空费 - assumed '高空费' D:\phpdemo\jdDoctertest1\Application\Runtime\Cache\Admin\a116c4cae6dc3c086c943fe8f5bdd110.php 第 52 行.
NOTIC: [8] Use of undefined constant 高空费 - assumed '高空费' D:\phpdemo\jdDoctertest1\Application\Runtime\Cache\Admin\a116c4cae6dc3c086c943fe8f5bdd110.php 第 52 行.
NOTIC: [8] Use of undefined constant 高空费 - assumed '高空费' D:\phpdemo\jdDoctertest1\Application\Runtime\Cache\Admin\a116c4cae6dc3c086c943fe8f5bdd110.php 第 52 行.
NOTIC: [8] Use of undefined constant 高空费 - assumed '高空费' D:\phpdemo\jdDoctertest1\Application\Runtime\Cache\Admin\a116c4cae6dc3c086c943fe8f5bdd110.php 第 52 行.
NOTIC: [8] Use of undefined constant 高空费 - assumed '高空费' D:\phpdemo\jdDoctertest1\Application\Runtime\Cache\Admin\a116c4cae6dc3c086c943fe8f5bdd110.php 第 52 行.
NOTIC: [8] Use of undefined constant 高空费 - assumed '高空费' D:\phpdemo\jdDoctertest1\Application\Runtime\Cache\Admin\a116c4cae6dc3c086c943fe8f5bdd110.php 第 52 行.
NOTIC: [8] Use of undefined constant 高空费 - assumed '高空费' D:\phpdemo\jdDoctertest1\Application\Runtime\Cache\Admin\a116c4cae6dc3c086c943fe8f5bdd110.php 第 52 行.
NOTIC: [8] Use of undefined constant 高空费 - assumed '高空费' D:\phpdemo\jdDoctertest1\Application\Runtime\Cache\Admin\a116c4cae6dc3c086c943fe8f5bdd110.php 第 52 行.
NOTIC: [8] Use of undefined constant 高空费 - assumed '高空费' D:\phpdemo\jdDoctertest1\Application\Runtime\Cache\Admin\a116c4cae6dc3c086c943fe8f5bdd110.php 第 52 行.
NOTIC: [8] Use of undefined constant 高空费 - assumed '高空费' D:\phpdemo\jdDoctertest1\Application\Runtime\Cache\Admin\a116c4cae6dc3c086c943fe8f5bdd110.php 第 52 行.
NOTIC: [8] Use of undefined constant 高空费 - assumed '高空费' D:\phpdemo\jdDoctertest1\Application\Runtime\Cache\Admin\a116c4cae6dc3c086c943fe8f5bdd110.php 第 52 行.
NOTIC: [8] Use of undefined constant 高空费 - assumed '高空费' D:\phpdemo\jdDoctertest1\Application\Runtime\Cache\Admin\a116c4cae6dc3c086c943fe8f5bdd110.php 第 52 行.
NOTIC: [8] Use of undefined constant 高空费 - assumed '高空费' D:\phpdemo\jdDoctertest1\Application\Runtime\Cache\Admin\a116c4cae6dc3c086c943fe8f5bdd110.php 第 52 行.
NOTIC: [8] Use of undefined constant 高空费 - assumed '高空费' D:\phpdemo\jdDoctertest1\Application\Runtime\Cache\Admin\a116c4cae6dc3c086c943fe8f5bdd110.php 第 52 行.
NOTIC: [8] Use of undefined constant 高空费 - assumed '高空费' D:\phpdemo\jdDoctertest1\Application\Runtime\Cache\Admin\a116c4cae6dc3c086c943fe8f5bdd110.php 第 52 行.
NOTIC: [8] Use of undefined constant 高空费 - assumed '高空费' D:\phpdemo\jdDoctertest1\Application\Runtime\Cache\Admin\a116c4cae6dc3c086c943fe8f5bdd110.php 第 52 行.
NOTIC: [8] Use of undefined constant 高空费 - assumed '高空费' D:\phpdemo\jdDoctertest1\Application\Runtime\Cache\Admin\a116c4cae6dc3c086c943fe8f5bdd110.php 第 52 行.
NOTIC: [8] Use of undefined constant 高空费 - assumed '高空费' D:\phpdemo\jdDoctertest1\Application\Runtime\Cache\Admin\a116c4cae6dc3c086c943fe8f5bdd110.php 第 52 行.
NOTIC: [8] Use of undefined constant 加雪种 - assumed '加雪种' D:\phpdemo\jdDoctertest1\Application\Runtime\Cache\Admin\a116c4cae6dc3c086c943fe8f5bdd110.php 第 94 行.
NOTIC: [8] Use of undefined constant 加雪种 - assumed '加雪种' D:\phpdemo\jdDoctertest1\Application\Runtime\Cache\Admin\a116c4cae6dc3c086c943fe8f5bdd110.php 第 94 行.
NOTIC: [8] Use of undefined constant 加雪种 - assumed '加雪种' D:\phpdemo\jdDoctertest1\Application\Runtime\Cache\Admin\a116c4cae6dc3c086c943fe8f5bdd110.php 第 94 行.
NOTIC: [8] Use of undefined constant 加雪种 - assumed '加雪种' D:\phpdemo\jdDoctertest1\Application\Runtime\Cache\Admin\a116c4cae6dc3c086c943fe8f5bdd110.php 第 94 行.
NOTIC: [8] Use of undefined constant 加雪种 - assumed '加雪种' D:\phpdemo\jdDoctertest1\Application\Runtime\Cache\Admin\a116c4cae6dc3c086c943fe8f5bdd110.php 第 94 行.
NOTIC: [8] Use of undefined constant 加雪种 - assumed '加雪种' D:\phpdemo\jdDoctertest1\Application\Runtime\Cache\Admin\a116c4cae6dc3c086c943fe8f5bdd110.php 第 94 行.
NOTIC: [8] Use of undefined constant 加雪种 - assumed '加雪种' D:\phpdemo\jdDoctertest1\Application\Runtime\Cache\Admin\a116c4cae6dc3c086c943fe8f5bdd110.php 第 94 行.
NOTIC: [8] Use of undefined constant 加雪种 - assumed '加雪种' D:\phpdemo\jdDoctertest1\Application\Runtime\Cache\Admin\a116c4cae6dc3c086c943fe8f5bdd110.php 第 94 行.
NOTIC: [8] Use of undefined constant 加雪种 - assumed '加雪种' D:\phpdemo\jdDoctertest1\Application\Runtime\Cache\Admin\a116c4cae6dc3c086c943fe8f5bdd110.php 第 94 行.
NOTIC: [8] Use of undefined constant 加雪种 - assumed '加雪种' D:\phpdemo\jdDoctertest1\Application\Runtime\Cache\Admin\a116c4cae6dc3c086c943fe8f5bdd110.php 第 94 行.
NOTIC: [8] Use of undefined constant 加雪种 - assumed '加雪种' D:\phpdemo\jdDoctertest1\Application\Runtime\Cache\Admin\a116c4cae6dc3c086c943fe8f5bdd110.php 第 94 行.
NOTIC: [8] Use of undefined constant 加雪种 - assumed '加雪种' D:\phpdemo\jdDoctertest1\Application\Runtime\Cache\Admin\a116c4cae6dc3c086c943fe8f5bdd110.php 第 94 行.
NOTIC: [8] Use of undefined constant 加雪种 - assumed '加雪种' D:\phpdemo\jdDoctertest1\Application\Runtime\Cache\Admin\a116c4cae6dc3c086c943fe8f5bdd110.php 第 94 行.
NOTIC: [8] Use of undefined constant 加雪种 - assumed '加雪种' D:\phpdemo\jdDoctertest1\Application\Runtime\Cache\Admin\a116c4cae6dc3c086c943fe8f5bdd110.php 第 94 行.
NOTIC: [8] Use of undefined constant 加雪种 - assumed '加雪种' D:\phpdemo\jdDoctertest1\Application\Runtime\Cache\Admin\a116c4cae6dc3c086c943fe8f5bdd110.php 第 94 行.
NOTIC: [8] Use of undefined constant 加雪种 - assumed '加雪种' D:\phpdemo\jdDoctertest1\Application\Runtime\Cache\Admin\a116c4cae6dc3c086c943fe8f5bdd110.php 第 94 行.
NOTIC: [8] Use of undefined constant 加雪种 - assumed '加雪种' D:\phpdemo\jdDoctertest1\Application\Runtime\Cache\Admin\a116c4cae6dc3c086c943fe8f5bdd110.php 第 94 行.
NOTIC: [8] Use of undefined constant 加雪种 - assumed '加雪种' D:\phpdemo\jdDoctertest1\Application\Runtime\Cache\Admin\a116c4cae6dc3c086c943fe8f5bdd110.php 第 94 行.
NOTIC: [8] Use of undefined constant 加雪种 - assumed '加雪种' D:\phpdemo\jdDoctertest1\Application\Runtime\Cache\Admin\a116c4cae6dc3c086c943fe8f5bdd110.php 第 94 行.
NOTIC: [8] Use of undefined constant 加雪种 - assumed '加雪种' D:\phpdemo\jdDoctertest1\Application\Runtime\Cache\Admin\a116c4cae6dc3c086c943fe8f5bdd110.php 第 94 行.
NOTIC: [8] Use of undefined constant 加雪种 - assumed '加雪种' D:\phpdemo\jdDoctertest1\Application\Runtime\Cache\Admin\a116c4cae6dc3c086c943fe8f5bdd110.php 第 94 行.
INFO: Run Behavior\ParseTemplateBehavior [ RunTime:0.043003s ]
INFO: [ view_parse ] --END-- [ RunTime:0.044003s ]
INFO: [ view_filter ] --START--
INFO: Run Behavior\WriteHtmlCacheBehavior [ RunTime:0.001000s ]
INFO: [ view_filter ] --END-- [ RunTime:0.002000s ]
INFO: [ app_end ] --START--
INFO: Run Behavior\ShowPageTraceBehavior [ RunTime:0.001000s ]
INFO: [ app_end ] --END-- [ RunTime:0.002000s ]

[ 2017-11-06T11:59:48+08:00 ] ::1 /jdDoctertest1/index.php?s=/Admin/Test/test2
INFO: [ app_init ] --START--
INFO: Run Behavior\BuildLiteBehavior [ RunTime:0.000000s ]
INFO: [ app_init ] --END-- [ RunTime:0.001000s ]
INFO: [ app_begin ] --START--
INFO: Run Behavior\ReadHtmlCacheBehavior [ RunTime:0.001000s ]
INFO: [ app_begin ] --END-- [ RunTime:0.002000s ]
SQL: SHOW COLUMNS FROM `t_order` [ RunTime:0.0050s ]
SQL: SELECT `origin` FROM `t_order` WHERE `order_id` = 3 LIMIT 1   [ RunTime:0.0010s ]
SQL: SHOW COLUMNS FROM `t_order_goods` [ RunTime:0.0010s ]
SQL: SELECT `goods_id` FROM `t_order_goods` WHERE `order_id` = 3 LIMIT 1   [ RunTime:0.0010s ]
SQL: SHOW COLUMNS FROM `t_goods` [ RunTime:0.0020s ]
SQL: SELECT g.* FROM t_goods g INNER JOIN t_goods_parts gp on gp.goods_id=g.goods_id  WHERE gp.parent_id = '3' ORDER BY gp.sort asc  [ RunTime:0.0020s ]
NOTIC: [8] Use of undefined constant is_post - assumed 'is_post' D:\phpdemo\jdDoctertest1\Application\Admin\Controller\TestController.class.php 第 55 行.
INFO: [ app_end ] --START--
INFO: Run Behavior\ShowPageTraceBehavior [ RunTime:0.001000s ]
INFO: [ app_end ] --END-- [ RunTime:0.002000s ]

[ 2017-11-06T12:05:13+08:00 ] ::1 /jdDoctertest1/index.php/Admin/Test/test
INFO: [ app_init ] --START--
INFO: Run Behavior\BuildLiteBehavior [ RunTime:0.000000s ]
INFO: [ app_init ] --END-- [ RunTime:0.001001s ]
INFO: [ app_begin ] --START--
INFO: Run Behavior\ReadHtmlCacheBehavior [ RunTime:0.002000s ]
INFO: [ app_begin ] --END-- [ RunTime:0.003000s ]
SQL: SHOW COLUMNS FROM `t_order` [ RunTime:0.0040s ]
SQL: SELECT `origin` FROM `t_order` WHERE `order_id` = 3 LIMIT 1   [ RunTime:0.0010s ]
SQL: SHOW COLUMNS FROM `t_order_goods` [ RunTime:0.0030s ]
SQL: SELECT `goods_id` FROM `t_order_goods` WHERE `order_id` = 3 LIMIT 1   [ RunTime:0.0010s ]
SQL: SHOW COLUMNS FROM `t_goods` [ RunTime:0.0030s ]
SQL: SELECT g.* FROM t_goods g INNER JOIN t_goods_parts gp on gp.goods_id=g.goods_id  WHERE gp.parent_id = '3' ORDER BY gp.sort asc  [ RunTime:0.0030s ]
INFO: [ view_parse ] --START--
INFO: [ template_filter ] --START--
INFO: Run Behavior\ContentReplaceBehavior [ RunTime:0.001000s ]
INFO: [ template_filter ] --END-- [ RunTime:0.002000s ]
NOTIC: [8] Use of undefined constant 高空费 - assumed '高空费' D:\phpdemo\jdDoctertest1\Application\Runtime\Cache\Admin\a116c4cae6dc3c086c943fe8f5bdd110.php 第 52 行.
NOTIC: [8] Use of undefined constant 高空费 - assumed '高空费' D:\phpdemo\jdDoctertest1\Application\Runtime\Cache\Admin\a116c4cae6dc3c086c943fe8f5bdd110.php 第 52 行.
NOTIC: [8] Use of undefined constant 高空费 - assumed '高空费' D:\phpdemo\jdDoctertest1\Application\Runtime\Cache\Admin\a116c4cae6dc3c086c943fe8f5bdd110.php 第 52 行.
NOTIC: [8] Use of undefined constant 高空费 - assumed '高空费' D:\phpdemo\jdDoctertest1\Application\Runtime\Cache\Admin\a116c4cae6dc3c086c943fe8f5bdd110.php 第 52 行.
NOTIC: [8] Use of undefined constant 高空费 - assumed '高空费' D:\phpdemo\jdDoctertest1\Application\Runtime\Cache\Admin\a116c4cae6dc3c086c943fe8f5bdd110.php 第 52 行.
NOTIC: [8] Use of undefined constant 高空费 - assumed '高空费' D:\phpdemo\jdDoctertest1\Application\Runtime\Cache\Admin\a116c4cae6dc3c086c943fe8f5bdd110.php 第 52 行.
NOTIC: [8] Use of undefined constant 高空费 - assumed '高空费' D:\phpdemo\jdDoctertest1\Application\Runtime\Cache\Admin\a116c4cae6dc3c086c943fe8f5bdd110.php 第 52 行.
NOTIC: [8] Use of undefined constant 高空费 - assumed '高空费' D:\phpdemo\jdDoctertest1\Application\Runtime\Cache\Admin\a116c4cae6dc3c086c943fe8f5bdd110.php 第 52 行.
NOTIC: [8] Use of undefined constant 高空费 - assumed '高空费' D:\phpdemo\jdDoctertest1\Application\Runtime\Cache\Admin\a116c4cae6dc3c086c943fe8f5bdd110.php 第 52 行.
NOTIC: [8] Use of undefined constant 高空费 - assumed '高空费' D:\phpdemo\jdDoctertest1\Application\Runtime\Cache\Admin\a116c4cae6dc3c086c943fe8f5bdd110.php 第 52 行.
NOTIC: [8] Use of undefined constant 高空费 - assumed '高空费' D:\phpdemo\jdDoctertest1\Application\Runtime\Cache\Admin\a116c4cae6dc3c086c943fe8f5bdd110.php 第 52 行.
NOTIC: [8] Use of undefined constant 高空费 - assumed '高空费' D:\phpdemo\jdDoctertest1\Application\Runtime\Cache\Admin\a116c4cae6dc3c086c943fe8f5bdd110.php 第 52 行.
NOTIC: [8] Use of undefined constant 高空费 - assumed '高空费' D:\phpdemo\jdDoctertest1\Application\Runtime\Cache\Admin\a116c4cae6dc3c086c943fe8f5bdd110.php 第 52 行.
NOTIC: [8] Use of undefined constant 高空费 - assumed '高空费' D:\phpdemo\jdDoctertest1\Application\Runtime\Cache\Admin\a116c4cae6dc3c086c943fe8f5bdd110.php 第 52 行.
NOTIC: [8] Use of undefined constant 高空费 - assumed '高空费' D:\phpdemo\jdDoctertest1\Application\Runtime\Cache\Admin\a116c4cae6dc3c086c943fe8f5bdd110.php 第 52 行.
NOTIC: [8] Use of undefined constant 高空费 - assumed '高空费' D:\phpdemo\jdDoctertest1\Application\Runtime\Cache\Admin\a116c4cae6dc3c086c943fe8f5bdd110.php 第 52 行.
NOTIC: [8] Use of undefined constant 高空费 - assumed '高空费' D:\phpdemo\jdDoctertest1\Application\Runtime\Cache\Admin\a116c4cae6dc3c086c943fe8f5bdd110.php 第 52 行.
NOTIC: [8] Use of undefined constant 高空费 - assumed '高空费' D:\phpdemo\jdDoctertest1\Application\Runtime\Cache\Admin\a116c4cae6dc3c086c943fe8f5bdd110.php 第 52 行.
NOTIC: [8] Use of undefined constant 高空费 - assumed '高空费' D:\phpdemo\jdDoctertest1\Application\Runtime\Cache\Admin\a116c4cae6dc3c086c943fe8f5bdd110.php 第 52 行.
NOTIC: [8] Use of undefined constant 高空费 - assumed '高空费' D:\phpdemo\jdDoctertest1\Application\Runtime\Cache\Admin\a116c4cae6dc3c086c943fe8f5bdd110.php 第 52 行.
NOTIC: [8] Use of undefined constant 高空费 - assumed '高空费' D:\phpdemo\jdDoctertest1\Application\Runtime\Cache\Admin\a116c4cae6dc3c086c943fe8f5bdd110.php 第 52 行.
NOTIC: [8] Use of undefined constant 加雪种 - assumed '加雪种' D:\phpdemo\jdDoctertest1\Application\Runtime\Cache\Admin\a116c4cae6dc3c086c943fe8f5bdd110.php 第 94 行.
NOTIC: [8] Use of undefined constant 加雪种 - assumed '加雪种' D:\phpdemo\jdDoctertest1\Application\Runtime\Cache\Admin\a116c4cae6dc3c086c943fe8f5bdd110.php 第 94 行.
NOTIC: [8] Use of undefined constant 加雪种 - assumed '加雪种' D:\phpdemo\jdDoctertest1\Application\Runtime\Cache\Admin\a116c4cae6dc3c086c943fe8f5bdd110.php 第 94 行.
NOTIC: [8] Use of undefined constant 加雪种 - assumed '加雪种' D:\phpdemo\jdDoctertest1\Application\Runtime\Cache\Admin\a116c4cae6dc3c086c943fe8f5bdd110.php 第 94 行.
NOTIC: [8] Use of undefined constant 加雪种 - assumed '加雪种' D:\phpdemo\jdDoctertest1\Application\Runtime\Cache\Admin\a116c4cae6dc3c086c943fe8f5bdd110.php 第 94 行.
NOTIC: [8] Use of undefined constant 加雪种 - assumed '加雪种' D:\phpdemo\jdDoctertest1\Application\Runtime\Cache\Admin\a116c4cae6dc3c086c943fe8f5bdd110.php 第 94 行.
NOTIC: [8] Use of undefined constant 加雪种 - assumed '加雪种' D:\phpdemo\jdDoctertest1\Application\Runtime\Cache\Admin\a116c4cae6dc3c086c943fe8f5bdd110.php 第 94 行.
NOTIC: [8] Use of undefined constant 加雪种 - assumed '加雪种' D:\phpdemo\jdDoctertest1\Application\Runtime\Cache\Admin\a116c4cae6dc3c086c943fe8f5bdd110.php 第 94 行.
NOTIC: [8] Use of undefined constant 加雪种 - assumed '加雪种' D:\phpdemo\jdDoctertest1\Application\Runtime\Cache\Admin\a116c4cae6dc3c086c943fe8f5bdd110.php 第 94 行.
NOTIC: [8] Use of undefined constant 加雪种 - assumed '加雪种' D:\phpdemo\jdDoctertest1\Application\Runtime\Cache\Admin\a116c4cae6dc3c086c943fe8f5bdd110.php 第 94 行.
NOTIC: [8] Use of undefined constant 加雪种 - assumed '加雪种' D:\phpdemo\jdDoctertest1\Application\Runtime\Cache\Admin\a116c4cae6dc3c086c943fe8f5bdd110.php 第 94 行.
NOTIC: [8] Use of undefined constant 加雪种 - assumed '加雪种' D:\phpdemo\jdDoctertest1\Application\Runtime\Cache\Admin\a116c4cae6dc3c086c943fe8f5bdd110.php 第 94 行.
NOTIC: [8] Use of undefined constant 加雪种 - assumed '加雪种' D:\phpdemo\jdDoctertest1\Application\Runtime\Cache\Admin\a116c4cae6dc3c086c943fe8f5bdd110.php 第 94 行.
NOTIC: [8] Use of undefined constant 加雪种 - assumed '加雪种' D:\phpdemo\jdDoctertest1\Application\Runtime\Cache\Admin\a116c4cae6dc3c086c943fe8f5bdd110.php 第 94 行.
NOTIC: [8] Use of undefined constant 加雪种 - assumed '加雪种' D:\phpdemo\jdDoctertest1\Application\Runtime\Cache\Admin\a116c4cae6dc3c086c943fe8f5bdd110.php 第 94 行.
NOTIC: [8] Use of undefined constant 加雪种 - assumed '加雪种' D:\phpdemo\jdDoctertest1\Application\Runtime\Cache\Admin\a116c4cae6dc3c086c943fe8f5bdd110.php 第 94 行.
NOTIC: [8] Use of undefined constant 加雪种 - assumed '加雪种' D:\phpdemo\jdDoctertest1\Application\Runtime\Cache\Admin\a116c4cae6dc3c086c943fe8f5bdd110.php 第 94 行.
NOTIC: [8] Use of undefined constant 加雪种 - assumed '加雪种' D:\phpdemo\jdDoctertest1\Application\Runtime\Cache\Admin\a116c4cae6dc3c086c943fe8f5bdd110.php 第 94 行.
NOTIC: [8] Use of undefined constant 加雪种 - assumed '加雪种' D:\phpdemo\jdDoctertest1\Application\Runtime\Cache\Admin\a116c4cae6dc3c086c943fe8f5bdd110.php 第 94 行.
NOTIC: [8] Use of undefined constant 加雪种 - assumed '加雪种' D:\phpdemo\jdDoctertest1\Application\Runtime\Cache\Admin\a116c4cae6dc3c086c943fe8f5bdd110.php 第 94 行.
NOTIC: [8] Use of undefined constant 加雪种 - assumed '加雪种' D:\phpdemo\jdDoctertest1\Application\Runtime\Cache\Admin\a116c4cae6dc3c086c943fe8f5bdd110.php 第 94 行.
INFO: Run Behavior\ParseTemplateBehavior [ RunTime:0.063003s ]
INFO: [ view_parse ] --END-- [ RunTime:0.063003s ]
INFO: [ view_filter ] --START--
INFO: Run Behavior\WriteHtmlCacheBehavior [ RunTime:0.001000s ]
INFO: [ view_filter ] --END-- [ RunTime:0.003000s ]
INFO: [ app_end ] --START--
INFO: Run Behavior\ShowPageTraceBehavior [ RunTime:0.001000s ]
INFO: [ app_end ] --END-- [ RunTime:0.003001s ]

[ 2017-11-06T12:05:15+08:00 ] ::1 /jdDoctertest1/index.php?s=/Admin/Test/test2
INFO: [ app_init ] --START--
INFO: Run Behavior\BuildLiteBehavior [ RunTime:0.001000s ]
INFO: [ app_init ] --END-- [ RunTime:0.002000s ]
INFO: [ app_begin ] --START--
INFO: Run Behavior\ReadHtmlCacheBehavior [ RunTime:0.002000s ]
INFO: [ app_begin ] --END-- [ RunTime:0.003000s ]
SQL: SHOW COLUMNS FROM `t_order` [ RunTime:0.0050s ]
SQL: SELECT `origin` FROM `t_order` WHERE `order_id` = 3 LIMIT 1   [ RunTime:0.0010s ]
SQL: SHOW COLUMNS FROM `t_order_goods` [ RunTime:0.0030s ]
SQL: SELECT `goods_id` FROM `t_order_goods` WHERE `order_id` = 3 LIMIT 1   [ RunTime:0.0010s ]
SQL: SHOW COLUMNS FROM `t_goods` [ RunTime:0.0040s ]
SQL: SELECT g.* FROM t_goods g INNER JOIN t_goods_parts gp on gp.goods_id=g.goods_id  WHERE gp.parent_id = '3' ORDER BY gp.sort asc  [ RunTime:0.0040s ]
NOTIC: [8] Use of undefined constant is_post - assumed 'is_post' D:\phpdemo\jdDoctertest1\Application\Admin\Controller\TestController.class.php 第 55 行.
INFO: [ app_end ] --START--
INFO: Run Behavior\ShowPageTraceBehavior [ RunTime:0.002000s ]
INFO: [ app_end ] --END-- [ RunTime:0.003000s ]

[ 2017-11-06T12:05:56+08:00 ] ::1 /jdDoctertest1/index.php?s=/Admin/Test/test2
INFO: [ app_init ] --START--
INFO: Run Behavior\BuildLiteBehavior [ RunTime:0.001000s ]
INFO: [ app_init ] --END-- [ RunTime:0.002000s ]
INFO: [ app_begin ] --START--
INFO: Run Behavior\ReadHtmlCacheBehavior [ RunTime:0.002000s ]
INFO: [ app_begin ] --END-- [ RunTime:0.002000s ]
SQL: SHOW COLUMNS FROM `t_order` [ RunTime:0.0060s ]
SQL: SELECT `origin` FROM `t_order` WHERE `order_id` = 3 LIMIT 1   [ RunTime:0.0010s ]
SQL: SHOW COLUMNS FROM `t_order_goods` [ RunTime:0.0040s ]
SQL: SELECT `goods_id` FROM `t_order_goods` WHERE `order_id` = 3 LIMIT 1   [ RunTime:0.0010s ]
SQL: SHOW COLUMNS FROM `t_goods` [ RunTime:0.0030s ]
SQL: SELECT g.* FROM t_goods g INNER JOIN t_goods_parts gp on gp.goods_id=g.goods_id  WHERE gp.parent_id = '3' ORDER BY gp.sort asc  [ RunTime:0.0040s ]
NOTIC: [8] Use of undefined constant is_post - assumed 'is_post' D:\phpdemo\jdDoctertest1\Application\Admin\Controller\TestController.class.php 第 55 行.
INFO: [ app_end ] --START--
INFO: Run Behavior\ShowPageTraceBehavior [ RunTime:0.002000s ]
INFO: [ app_end ] --END-- [ RunTime:0.004000s ]

